{"/Users/juani/Documents/GitHub/PERN_Stack/bbdd/bd.js": {"path":"/Users/juani/Documents/GitHub/PERN_Stack/bbdd/bd.js","statementMap":{"0":{"start":{"line":2,"column":22},"end":{"line":2,"column":42}},"1":{"start":{"line":5,"column":18},"end":{"line":8,"column":2}},"2":{"start":{"line":10,"column":0},"end":{"line":12,"column":58}},"3":{"start":{"line":11,"column":14},"end":{"line":11,"column":66}},"4":{"start":{"line":12,"column":16},"end":{"line":12,"column":56}},"5":{"start":{"line":14,"column":0},"end":{"line":14,"column":27}}},"fnMap":{"0":{"name":"(anonymous_0)","decl":{"start":{"line":11,"column":8},"end":{"line":11,"column":9}},"loc":{"start":{"line":11,"column":14},"end":{"line":11,"column":66}},"line":11},"1":{"name":"(anonymous_1)","decl":{"start":{"line":12,"column":9},"end":{"line":12,"column":10}},"loc":{"start":{"line":12,"column":16},"end":{"line":12,"column":56}},"line":12}},"branchMap":{},"s":{"0":1,"1":1,"2":1,"3":1,"4":0,"5":1},"f":{"0":1,"1":0},"b":{},"_coverageSchema":"1a1c01bbd47fc00a2c39e90264f33305004495a9","hash":"9f9f83119e380593612d345ca8b28e1fcc24e17d"}
,"/Users/juani/Documents/GitHub/PERN_Stack/bbdd/models.js": {"path":"/Users/juani/Documents/GitHub/PERN_Stack/bbdd/models.js","statementMap":{"0":{"start":{"line":2,"column":22},"end":{"line":2,"column":42}},"1":{"start":{"line":3,"column":18},"end":{"line":3,"column":33}},"2":{"start":{"line":6,"column":16},"end":{"line":23,"column":2}},"3":{"start":{"line":26,"column":17},"end":{"line":51,"column":2}},"4":{"start":{"line":54,"column":16},"end":{"line":59,"column":2}},"5":{"start":{"line":62,"column":0},"end":{"line":62,"column":25}},"6":{"start":{"line":63,"column":0},"end":{"line":63,"column":27}},"7":{"start":{"line":64,"column":0},"end":{"line":64,"column":26}},"8":{"start":{"line":65,"column":0},"end":{"line":65,"column":28}},"9":{"start":{"line":67,"column":0},"end":{"line":67,"column":59}}},"fnMap":{},"branchMap":{},"s":{"0":1,"1":1,"2":1,"3":1,"4":1,"5":1,"6":1,"7":1,"8":1,"9":1},"f":{},"b":{},"_coverageSchema":"1a1c01bbd47fc00a2c39e90264f33305004495a9","hash":"c4218e6e2ecaedf17903628482d8d786dd37ed08"}
}
